
> realbitcapital@1.4.0 start /data/wwwdata/www/bambooreading-pc
> nuxt start


 OPEN  http://127.0.0.1:3001

› [HPM] Proxy created: /api  ->  https://api.bambooreading.com/v1/
› [HPM] Proxy rewrite rule created: "^/api" ~> ""
2019-09-12T06:07:55.968Z nuxt:render Rendering url /
trim
formatThousand
[vuex] unknown mutation type: MONITORROUTER
2019-09-12T06:07:56.264Z nuxt:render Rendering url /
[vuex] unknown mutation type: MONITORROUTER
2019-09-12T06:09:41.417Z nuxt:render Rendering url /
[vuex] unknown mutation type: MONITORROUTER
2019-09-12T06:23:47.366Z nuxt:render Rendering url /
[vuex] unknown mutation type: MONITORROUTER

> realbitcapital@1.4.0 start /data/wwwdata/www/bambooreading-pc
> nuxt start


 ERROR 

  [0m[97m[41mError[0m[90m:[0m[37m [0m[97mNo build files found, please run `nuxt build` before launching `nuxt st[0m  [0m[97mart`[0m
[0m
npm ERR! code ELIFECYCLE
npm ERR! errno 1
npm ERR! realbitcapital@1.4.0 start: `nuxt start`
npm ERR! Exit status 1
npm ERR! 
npm ERR! Failed at the realbitcapital@1.4.0 start script.
npm ERR! This is probably not a problem with npm. There is likely additional logging output above.

npm ERR! A complete log of this run can be found in:
npm ERR!     /root/.npm/_logs/2019-09-12T06_31_37_843Z-debug.log

> realbitcapital@1.4.0 start /data/wwwdata/www/bambooreading-pc
> nuxt start


 ERROR 

  [0m[97m[41mError[0m[90m:[0m[37m [0m[97mNo build files found, please run `nuxt build` before launching `nuxt st[0m  [0m[97mart`[0m
[0m
npm ERR! code ELIFECYCLE
npm ERR! errno 1
npm ERR! realbitcapital@1.4.0 start: `nuxt start`
npm ERR! Exit status 1
npm ERR! 
npm ERR! Failed at the realbitcapital@1.4.0 start script.
npm ERR! This is probably not a problem with npm. There is likely additional logging output above.

npm ERR! A complete log of this run can be found in:
npm ERR!     /root/.npm/_logs/2019-09-12T06_32_51_800Z-debug.log

> realbitcapital@1.4.0 start /data/wwwdata/www/bambooreading-pc
> nuxt start


 ERROR 

  [0m[97m[41mError[0m[90m:[0m[37m [0m[97mNo build files found, please run `nuxt build` before launching `nuxt st[0m  [0m[97mart`[0m
[0m
npm ERR! code ELIFECYCLE
npm ERR! errno 1
npm ERR! realbitcapital@1.4.0 start: `nuxt start`
npm ERR! Exit status 1
npm ERR! 
npm ERR! Failed at the realbitcapital@1.4.0 start script.
npm ERR! This is probably not a problem with npm. There is likely additional logging output above.

npm ERR! A complete log of this run can be found in:
npm ERR!     /root/.npm/_logs/2019-09-12T06_36_24_251Z-debug.log

> realbitcapital@1.4.0 start /data/wwwdata/www/bambooreading-pc
> nuxt start


 ERROR 

  [0m[97m[41mError[0m[90m:[0m[37m [0m[97mNo build files found, please run `nuxt build` before launching `nuxt st[0m  [0m[97mart`[0m
[0m
npm ERR! code ELIFECYCLE
npm ERR! errno 1
npm ERR! realbitcapital@1.4.0 start: `nuxt start`
npm ERR! Exit status 1
npm ERR! 
npm ERR! Failed at the realbitcapital@1.4.0 start script.
npm ERR! This is probably not a problem with npm. There is likely additional logging output above.

npm ERR! A complete log of this run can be found in:
npm ERR!     /root/.npm/_logs/2019-09-12T06_37_36_711Z-debug.log
